<?xml version="1.0" encoding="UTF-8"?>
<!-- Generated by org.testng.reporters.JUnitReportReporter -->
<testsuite hostname="pravallika" failures="1" tests="1" name="day5.File_upload_download" time="4.172" errors="0" timestamp="2024-03-20T15:09:35 IST" skipped="0">
  <testcase classname="day5.File_upload_download" name="filedownload" time="4.172">
    <failure message="1 expectation failed.
XML path filename doesn&#039;t match.
Expected: text.txt
  Actual: &lt;nullnullnullThe Internetnullnullnullnullnullnull
      $(document).foundation();
    nullnullFile Downloaderwenwen.crtban1.jpgDUMMY.pdfapp2Login.json1.txtScreenshot (21).pngempty.txt1.pngrandom_data.txtdx4f4ecymg_Screenshot (2).pngrandom_data (1).txtSample_Upload.txtluminoslogo.png2658613_Anubhab_B7_assignment6_srar.pngimages.pngScreenshot (1).png2656022_Eswari_B2_assignment6_srar.pngupload6027677484036927741.txtSE project.pdfLatestFailedScreenshot.pngScreenshot (12).png237615b296311648d056aef051827aff.jpg7487_Nguyễn Trung Quân.jpgtesting_firefox.pdfScreenshot (13).pngMy Maps.pngtesting.pdfexample.jsontesting.mp3Dummy.txtDummy_File.txtdemo.txtTại sao tôi chọn nghề Tester.pngindex.phpsample-zip-file.zipScreenshot (16).pngsome-file.txt23SP-SWT301-Sample-Final-PE.docxsample.pngstreetTest.jpegTOSCA Interview Question.pdfExample.txtnot_empty.txtWebDriverAgentRunner_less15.ipatest.txtPopUp(Updated-11am) (4).txt2656022_Eswari_B2_assignment6_srbr.pngselenium-snapshot.pngwebdriverIO.pngss2.pngboat.jpgScreenshot (5).pngtesting_edge.pdfScreenshot (4).png768a35a0f66b0286a3795cd04061a3b9.jpgLambdaTest.txttext.txtcfd495d2c66a6b34327b.jpgnullElemental Selenium&gt;
" type="java.lang.AssertionError">
      <![CDATA[java.lang.AssertionError: 1 expectation failed.
XML path filename doesn't match.
Expected: text.txt
  Actual: <nullnullnullThe Internetnullnullnullnullnullnull
      $(document).foundation();
    nullnullFile Downloaderwenwen.crtban1.jpgDUMMY.pdfapp2Login.json1.txtScreenshot (21).pngempty.txt1.pngrandom_data.txtdx4f4ecymg_Screenshot (2).pngrandom_data (1).txtSample_Upload.txtluminoslogo.png2658613_Anubhab_B7_assignment6_srar.pngimages.pngScreenshot (1).png2656022_Eswari_B2_assignment6_srar.pngupload6027677484036927741.txtSE project.pdfLatestFailedScreenshot.pngScreenshot (12).png237615b296311648d056aef051827aff.jpg7487_Nguyễn Trung Quân.jpgtesting_firefox.pdfScreenshot (13).pngMy Maps.pngtesting.pdfexample.jsontesting.mp3Dummy.txtDummy_File.txtdemo.txtTại sao tôi chọn nghề Tester.pngindex.phpsample-zip-file.zipScreenshot (16).pngsome-file.txt23SP-SWT301-Sample-Final-PE.docxsample.pngstreetTest.jpegTOSCA Interview Question.pdfExample.txtnot_empty.txtWebDriverAgentRunner_less15.ipatest.txtPopUp(Updated-11am) (4).txt2656022_Eswari_B2_assignment6_srbr.pngselenium-snapshot.pngwebdriverIO.pngss2.pngboat.jpgScreenshot (5).pngtesting_edge.pdfScreenshot (4).png768a35a0f66b0286a3795cd04061a3b9.jpgLambdaTest.txttext.txtcfd495d2c66a6b34327b.jpgnullElemental Selenium>

at java.base/jdk.internal.reflect.NativeConstructorAccessorImpl.newInstance0(Native Method)
at java.base/jdk.internal.reflect.NativeConstructorAccessorImpl.newInstance(NativeConstructorAccessorImpl.java:77)
at java.base/jdk.internal.reflect.DelegatingConstructorAccessorImpl.newInstance(DelegatingConstructorAccessorImpl.java:45)
at java.base/java.lang.reflect.Constructor.newInstanceWithCaller(Constructor.java:499)
at java.base/java.lang.reflect.Constructor.newInstance(Constructor.java:480)
at org.codehaus.groovy.reflection.CachedConstructor.invoke(CachedConstructor.java:73)
at org.codehaus.groovy.runtime.callsite.ConstructorSite$ConstructorSiteNoUnwrapNoCoerce.callConstructor(ConstructorSite.java:108)
at org.codehaus.groovy.runtime.callsite.CallSiteArray.defaultCallConstructor(CallSiteArray.java:57)
at org.codehaus.groovy.runtime.callsite.AbstractCallSite.callConstructor(AbstractCallSite.java:263)
at org.codehaus.groovy.runtime.callsite.AbstractCallSite.callConstructor(AbstractCallSite.java:277)
at io.restassured.internal.ResponseSpecificationImpl$HamcrestAssertionClosure.validate(ResponseSpecificationImpl.groovy:512)
at io.restassured.internal.ResponseSpecificationImpl$HamcrestAssertionClosure$validate$1.call(Unknown Source)
at io.restassured.internal.ResponseSpecificationImpl.validateResponseIfRequired(ResponseSpecificationImpl.groovy:696)
at io.restassured.internal.ResponseSpecificationImpl.this$2$validateResponseIfRequired(ResponseSpecificationImpl.groovy)
at java.base/jdk.internal.reflect.NativeMethodAccessorImpl.invoke0(Native Method)
at java.base/jdk.internal.reflect.NativeMethodAccessorImpl.invoke(NativeMethodAccessorImpl.java:77)
at java.base/jdk.internal.reflect.DelegatingMethodAccessorImpl.invoke(DelegatingMethodAccessorImpl.java:43)
at java.base/java.lang.reflect.Method.invoke(Method.java:568)
at org.codehaus.groovy.runtime.callsite.PlainObjectMetaMethodSite.doInvoke(PlainObjectMetaMethodSite.java:43)
at org.codehaus.groovy.runtime.callsite.PogoMetaMethodSite$PogoCachedMethodSiteNoUnwrapNoCoerce.invoke(PogoMetaMethodSite.java:198)
at org.codehaus.groovy.runtime.callsite.PogoMetaMethodSite.callCurrent(PogoMetaMethodSite.java:62)
at org.codehaus.groovy.runtime.callsite.CallSiteArray.defaultCallCurrent(CallSiteArray.java:49)
at org.codehaus.groovy.runtime.callsite.AbstractCallSite.callCurrent(AbstractCallSite.java:171)
at org.codehaus.groovy.runtime.callsite.AbstractCallSite.callCurrent(AbstractCallSite.java:185)
at io.restassured.internal.ResponseSpecificationImpl.body(ResponseSpecificationImpl.groovy:270)
at io.restassured.specification.ResponseSpecification$body$1.callCurrent(Unknown Source)
at org.codehaus.groovy.runtime.callsite.CallSiteArray.defaultCallCurrent(CallSiteArray.java:49)
at org.codehaus.groovy.runtime.callsite.AbstractCallSite.callCurrent(AbstractCallSite.java:171)
at org.codehaus.groovy.runtime.callsite.AbstractCallSite.callCurrent(AbstractCallSite.java:212)
at io.restassured.internal.ResponseSpecificationImpl.body(ResponseSpecificationImpl.groovy:117)
at io.restassured.internal.ValidatableResponseOptionsImpl.body(ValidatableResponseOptionsImpl.java:244)
at day5.File_upload_download.filedownload(File_upload_download.java:34)
at java.base/jdk.internal.reflect.NativeMethodAccessorImpl.invoke0(Native Method)
at java.base/jdk.internal.reflect.NativeMethodAccessorImpl.invoke(NativeMethodAccessorImpl.java:77)
at java.base/jdk.internal.reflect.DelegatingMethodAccessorImpl.invoke(DelegatingMethodAccessorImpl.java:43)
at java.base/java.lang.reflect.Method.invoke(Method.java:568)
at org.testng.internal.MethodInvocationHelper.invokeMethod(MethodInvocationHelper.java:133)
at org.testng.internal.TestInvoker.invokeMethod(TestInvoker.java:598)
at org.testng.internal.TestInvoker.invokeTestMethod(TestInvoker.java:173)
at org.testng.internal.MethodRunner.runInSequence(MethodRunner.java:46)
at org.testng.internal.TestInvoker$MethodInvocationAgent.invoke(TestInvoker.java:824)
at org.testng.internal.TestInvoker.invokeTestMethods(TestInvoker.java:146)
at org.testng.internal.TestMethodWorker.invokeTestMethods(TestMethodWorker.java:146)
at org.testng.internal.TestMethodWorker.run(TestMethodWorker.java:128)
at java.base/java.util.ArrayList.forEach(ArrayList.java:1511)
at org.testng.TestRunner.privateRun(TestRunner.java:794)
at org.testng.TestRunner.run(TestRunner.java:596)
at org.testng.SuiteRunner.runTest(SuiteRunner.java:377)
at org.testng.SuiteRunner.runSequentially(SuiteRunner.java:371)
at org.testng.SuiteRunner.privateRun(SuiteRunner.java:332)
at org.testng.SuiteRunner.run(SuiteRunner.java:276)
at org.testng.SuiteRunnerWorker.runSuite(SuiteRunnerWorker.java:53)
at org.testng.SuiteRunnerWorker.run(SuiteRunnerWorker.java:96)
at org.testng.TestNG.runSuitesSequentially(TestNG.java:1212)
at org.testng.TestNG.runSuitesLocally(TestNG.java:1134)
at org.testng.TestNG.runSuites(TestNG.java:1063)
at org.testng.TestNG.run(TestNG.java:1031)
at org.testng.remote.AbstractRemoteTestNG.run(AbstractRemoteTestNG.java:115)
at org.testng.remote.RemoteTestNG.initAndRun(RemoteTestNG.java:251)
at org.testng.remote.RemoteTestNG.main(RemoteTestNG.java:77)
]]>
    </failure>
  </testcase> <!-- filedownload -->
  <system-out/>
</testsuite> <!-- day5.File_upload_download -->
